 "LOCATION OF SPECIFIED CELL FOR PRINTING VOLUMES IN UNSATURATED ZONE: GAGE    3 ROW, COLUMN   40,  66 INITIAL LAYER ASSIGMENT    2"
 "DATA:  LAYER             TIME        GW-HEAD   UZ-THICKNESS          DEPTH    WATER-CONT. "

             2    1.0000000E+00  1.9617666E+03  4.3133423E+01  1.0783086E+00  4.9999982E-02
                                                               2.1566172E+00  4.9999982E-02
                                                               3.2349257E+00  4.9999982E-02
                                                               4.3132343E+00  4.9999982E-02
                                                               5.3915429E+00  4.9999982E-02
                                                               6.4698515E+00  4.9999982E-02
                                                               7.5481601E+00  4.9999982E-02
                                                               8.6264687E+00  4.9999982E-02
                                                               9.7047768E+00  4.9999982E-02
                                                               1.0783086E+01  4.9999982E-02
                                                               1.1861395E+01  4.9999982E-02
                                                               1.2939703E+01  4.9999982E-02
                                                               1.4018011E+01  4.9999982E-02
                                                               1.5096320E+01  4.9999982E-02
                                                               1.6174629E+01  4.9999982E-02
                                                               1.7252937E+01  4.9999982E-02
                                                               1.8331245E+01  4.9999982E-02
                                                               1.9409554E+01  4.9999982E-02
                                                               2.0487864E+01  4.9999982E-02
                                                               2.1566172E+01  4.9999982E-02
                                                               2.2644480E+01  4.9999982E-02
                                                               2.3722790E+01  4.9999982E-02
                                                               2.4801098E+01  4.9999982E-02
                                                               2.5879406E+01  4.9999982E-02
                                                               2.6957714E+01  4.9999982E-02
                                                               2.8036022E+01  4.9999982E-02
                                                               2.9114332E+01  4.9999982E-02
                                                               3.0192640E+01  4.9999982E-02
                                                               3.1270948E+01  4.9999982E-02
                                                               3.2349258E+01  4.9999982E-02
                                                               3.3427567E+01  4.9999982E-02
                                                               3.4505875E+01  4.9999982E-02
                                                               3.5584183E+01  4.9999982E-02
                                                               3.6662491E+01  4.9999982E-02
                                                               3.7740799E+01  4.9999982E-02
                                                               3.8819107E+01  4.9999982E-02
                                                               3.9897419E+01  4.9999982E-02
                                                               4.0975727E+01  4.9999982E-02
                                                               4.2054035E+01  4.9999982E-02
                                                               4.3133423E+01  4.9999982E-02
             2    2.0000000E+00  1.9617666E+03  4.3133423E+01  1.0783086E+00  8.3424881E-02
                                                               2.1566172E+00  8.4996343E-02
                                                               3.2349257E+00  8.4996343E-02
                                                               4.3132343E+00  8.4996343E-02
                                                               5.3915429E+00  8.4996343E-02
                                                               6.4698515E+00  8.4996343E-02
                                                               7.5481601E+00  8.4996343E-02
                                                               8.6264687E+00  8.4996350E-02
                                                               9.7047768E+00  8.4996335E-02
                                                               1.0783086E+01  8.4996350E-02
                                                               1.1861395E+01  8.4996335E-02
                                                               1.2939703E+01  8.4996343E-02
                                                               1.4018011E+01  8.4996328E-02
                                                               1.5096320E+01  8.4996343E-02
                                                               1.6174629E+01  8.4996328E-02
                                                               1.7252937E+01  8.4996365E-02
                                                               1.8331245E+01  8.4996350E-02
                                                               1.9409554E+01  8.4996335E-02
                                                               2.0487864E+01  8.4996320E-02
                                                               2.1566172E+01  8.4996358E-02
                                                               2.2644480E+01  8.4996343E-02
                                                               2.3722790E+01  8.4996328E-02
                                                               2.4801098E+01  8.4996365E-02
                                                               2.5879406E+01  8.4996350E-02
                                                               2.6957714E+01  8.4996335E-02
                                                               2.8036022E+01  8.4996320E-02
                                                               2.9114332E+01  8.4996358E-02
                                                               3.0192640E+01  8.4996395E-02
                                                               3.1270948E+01  8.4996380E-02
                                                               3.2349258E+01  8.4996365E-02
                                                               3.3427567E+01  8.4996350E-02
                                                               3.4505875E+01  8.4996335E-02
                                                               3.5584183E+01  8.4996320E-02
                                                               3.6662491E+01  8.4996305E-02
                                                               3.7740799E+01  8.4996395E-02
                                                               3.8819107E+01  8.4996380E-02
                                                               3.9897419E+01  8.4996365E-02
                                                               4.0975727E+01  8.4996350E-02
                                                               4.2054035E+01  8.4996335E-02
                                                               4.3133423E+01  8.4996343E-02
             2    3.0000000E+00  1.9617666E+03  4.3133423E+01  1.0783086E+00  8.1915244E-02
                                                               2.1566172E+00  8.4988289E-02
                                                               3.2349257E+00  8.4996343E-02
                                                               4.3132343E+00  8.4996343E-02
                                                               5.3915429E+00  8.4996343E-02
                                                               6.4698515E+00  8.4996343E-02
                                                               7.5481601E+00  8.4996335E-02
                                                               8.6264687E+00  8.4996350E-02
                                                               9.7047768E+00  8.4996335E-02
                                                               1.0783086E+01  8.4996350E-02
                                                               1.1861395E+01  8.4996328E-02
                                                               1.2939703E+01  8.4996343E-02
                                                               1.4018011E+01  8.4996358E-02
                                                               1.5096320E+01  8.4996335E-02
                                                               1.6174629E+01  8.4996350E-02
                                                               1.7252937E+01  8.4996335E-02
                                                               1.8331245E+01  8.4996320E-02
                                                               1.9409554E+01  8.4996358E-02
                                                               2.0487864E+01  8.4996343E-02
                                                               2.1566172E+01  8.4996328E-02
                                                               2.2644480E+01  8.4996365E-02
                                                               2.3722790E+01  8.4996350E-02
                                                               2.4801098E+01  8.4996335E-02
                                                               2.5879406E+01  8.4996320E-02
                                                               2.6957714E+01  8.4996358E-02
                                                               2.8036022E+01  8.4996343E-02
                                                               2.9114332E+01  8.4996328E-02
                                                               3.0192640E+01  8.4996365E-02
                                                               3.1270948E+01  8.4996350E-02
                                                               3.2349258E+01  8.4996335E-02
                                                               3.3427567E+01  8.4996320E-02
                                                               3.4505875E+01  8.4996305E-02
                                                               3.5584183E+01  8.4996291E-02
                                                               3.6662491E+01  8.4996387E-02
                                                               3.7740799E+01  8.4996365E-02
                                                               3.8819107E+01  8.4996350E-02
                                                               3.9897419E+01  8.4996335E-02
                                                               4.0975727E+01  8.4996320E-02
                                                               4.2054035E+01  8.4996305E-02
                                                               4.3133423E+01  8.4996343E-02
             2    4.0000000E+00  1.9617666E+03  4.3133423E+01  1.0783086E+00  8.0475911E-02
                                                               2.1566172E+00  8.4912509E-02
                                                               3.2349257E+00  8.4996343E-02
                                                               4.3132343E+00  8.4996343E-02
                                                               5.3915429E+00  8.4996343E-02
                                                               6.4698515E+00  8.4996343E-02
                                                               7.5481601E+00  8.4996343E-02
                                                               8.6264687E+00  8.4996350E-02
                                                               9.7047768E+00  8.4996335E-02
                                                               1.0783086E+01  8.4996350E-02
                                                               1.1861395E+01  8.4996328E-02
                                                               1.2939703E+01  8.4996343E-02
                                                               1.4018011E+01  8.4996358E-02
                                                               1.5096320E+01  8.4996343E-02
                                                               1.6174629E+01  8.4996350E-02
                                                               1.7252937E+01  8.4996335E-02
                                                               1.8331245E+01  8.4996320E-02
                                                               1.9409554E+01  8.4996358E-02
                                                               2.0487864E+01  8.4996343E-02
                                                               2.1566172E+01  8.4996328E-02
                                                               2.2644480E+01  8.4996365E-02
                                                               2.3722790E+01  8.4996350E-02
                                                               2.4801098E+01  8.4996335E-02
                                                               2.5879406E+01  8.4996320E-02
                                                               2.6957714E+01  8.4996358E-02
                                                               2.8036022E+01  8.4996343E-02
                                                               2.9114332E+01  8.4996328E-02
                                                               3.0192640E+01  8.4996365E-02
                                                               3.1270948E+01  8.4996350E-02
                                                               3.2349258E+01  8.4996335E-02
                                                               3.3427567E+01  8.4996320E-02
                                                               3.4505875E+01  8.4996305E-02
                                                               3.5584183E+01  8.4996291E-02
                                                               3.6662491E+01  8.4996387E-02
                                                               3.7740799E+01  8.4996365E-02
                                                               3.8819107E+01  8.4996350E-02
                                                               3.9897419E+01  8.4996335E-02
                                                               4.0975727E+01  8.4996320E-02
                                                               4.2054035E+01  8.4996305E-02
                                                               4.3133423E+01  8.4996343E-02
             2    5.0000000E+00  1.9617667E+03  4.3133301E+01  1.0783056E+00  7.9136804E-02
                                                               2.1566112E+00  8.4775902E-02
                                                               3.2349167E+00  8.4996343E-02
                                                               4.3132224E+00  8.4996343E-02
                                                               5.3915281E+00  8.4996335E-02
                                                               6.4698334E+00  8.4996350E-02
                                                               7.5481391E+00  8.4996350E-02
                                                               8.6264448E+00  8.4996343E-02
                                                               9.7047501E+00  8.4996343E-02
                                                               1.0783056E+01  8.4996343E-02
                                                               1.1861362E+01  8.4996335E-02
                                                               1.2939667E+01  8.4996335E-02
                                                               1.4017973E+01  8.4996335E-02
                                                               1.5096278E+01  8.4996335E-02
                                                               1.6174583E+01  8.4996328E-02
                                                               1.7252890E+01  8.4996328E-02
                                                               1.8331196E+01  8.4996328E-02
                                                               1.9409500E+01  8.4996328E-02
                                                               2.0487806E+01  8.4996320E-02
                                                               2.1566113E+01  8.4996320E-02
                                                               2.2644417E+01  8.4996320E-02
                                                               2.3722723E+01  8.4996320E-02
                                                               2.4801029E+01  8.4996313E-02
                                                               2.5879333E+01  8.4996372E-02
                                                               2.6957640E+01  8.4996365E-02
                                                               2.8035946E+01  8.4996365E-02
                                                               2.9114252E+01  8.4996365E-02
                                                               3.0192556E+01  8.4996365E-02
                                                               3.1270863E+01  8.4996358E-02
                                                               3.2349167E+01  8.4996358E-02
                                                               3.3427475E+01  8.4996358E-02
                                                               3.4505779E+01  8.4996358E-02
                                                               3.5584084E+01  8.4996350E-02
                                                               3.6662392E+01  8.4996350E-02
                                                               3.7740696E+01  8.4996350E-02
                                                               3.8819000E+01  8.4996350E-02
                                                               3.9897308E+01  8.4996343E-02
                                                               4.0975613E+01  8.4996343E-02
                                                               4.2053917E+01  8.4996343E-02
                                                               4.3133301E+01  8.4996343E-02
             2    6.0000000E+00  1.9617668E+03  4.3133179E+01  1.0783025E+00  7.7865317E-02
                                                               2.1566050E+00  8.4582709E-02
                                                               3.2349076E+00  8.4996343E-02
                                                               4.3132100E+00  8.4996343E-02
                                                               5.3915124E+00  8.4996343E-02
                                                               6.4698153E+00  8.4996335E-02
                                                               7.5481176E+00  8.4996343E-02
                                                               8.6264200E+00  8.4996350E-02
                                                               9.7047224E+00  8.4996335E-02
                                                               1.0783025E+01  8.4996343E-02
                                                               1.1861327E+01  8.4996350E-02
                                                               1.2939631E+01  8.4996328E-02
                                                               1.4017933E+01  8.4996335E-02
                                                               1.5096235E+01  8.4996343E-02
                                                               1.6174538E+01  8.4996350E-02
                                                               1.7252840E+01  8.4996365E-02
                                                               1.8331142E+01  8.4996372E-02
                                                               1.9409445E+01  8.4996320E-02
                                                               2.0487747E+01  8.4996328E-02
                                                               2.1566050E+01  8.4996335E-02
                                                               2.2644352E+01  8.4996350E-02
                                                               2.3722654E+01  8.4996358E-02
                                                               2.4800957E+01  8.4996365E-02
                                                               2.5879261E+01  8.4996313E-02
                                                               2.6957563E+01  8.4996320E-02
                                                               2.8035866E+01  8.4996335E-02
                                                               2.9114168E+01  8.4996343E-02
                                                               3.0192471E+01  8.4996350E-02
                                                               3.1270773E+01  8.4996358E-02
                                                               3.2349075E+01  8.4996365E-02
                                                               3.3427376E+01  8.4996372E-02
                                                               3.4505680E+01  8.4996380E-02
                                                               3.5583984E+01  8.4996387E-02
                                                               3.6662285E+01  8.4996395E-02
                                                               3.7740589E+01  8.4996291E-02
                                                               3.8818890E+01  8.4996305E-02
                                                               3.9897194E+01  8.4996313E-02
                                                               4.0975494E+01  8.4996320E-02
                                                               4.2053799E+01  8.4996328E-02
                                                               4.3133179E+01  8.4996343E-02
             2    7.0000000E+00  1.9617668E+03  4.3133179E+01  1.0783025E+00  7.6680154E-02
                                                               2.1566050E+00  8.4341772E-02
                                                               3.2349076E+00  8.4996343E-02
                                                               4.3132100E+00  8.4996343E-02
                                                               5.3915124E+00  8.4996343E-02
                                                               6.4698153E+00  8.4996343E-02
                                                               7.5481176E+00  8.4996350E-02
                                                               8.6264200E+00  8.4996358E-02
                                                               9.7047224E+00  8.4996335E-02
                                                               1.0783025E+01  8.4996343E-02
                                                               1.1861327E+01  8.4996350E-02
                                                               1.2939631E+01  8.4996335E-02
                                                               1.4017933E+01  8.4996343E-02
                                                               1.5096235E+01  8.4996350E-02
                                                               1.6174538E+01  8.4996328E-02
                                                               1.7252840E+01  8.4996335E-02
                                                               1.8331142E+01  8.4996343E-02
                                                               1.9409445E+01  8.4996350E-02
                                                               2.0487747E+01  8.4996358E-02
                                                               2.1566050E+01  8.4996372E-02
                                                               2.2644352E+01  8.4996320E-02
                                                               2.3722654E+01  8.4996328E-02
                                                               2.4800957E+01  8.4996335E-02
                                                               2.5879261E+01  8.4996343E-02
                                                               2.6957563E+01  8.4996358E-02
                                                               2.8035866E+01  8.4996365E-02
                                                               2.9114168E+01  8.4996313E-02
                                                               3.0192471E+01  8.4996380E-02
                                                               3.1270773E+01  8.4996387E-02
                                                               3.2349075E+01  8.4996395E-02
                                                               3.3427376E+01  8.4996291E-02
                                                               3.4505680E+01  8.4996298E-02
                                                               3.5583984E+01  8.4996305E-02
                                                               3.6662285E+01  8.4996313E-02
                                                               3.7740589E+01  8.4996328E-02
                                                               3.8818890E+01  8.4996335E-02
                                                               3.9897194E+01  8.4996343E-02
                                                               4.0975494E+01  8.4996350E-02
                                                               4.2053799E+01  8.4996358E-02
                                                               4.3133179E+01  8.4996343E-02
             2    8.0000000E+00  1.9617670E+03  4.3133057E+01  1.0782994E+00  7.5570852E-02
                                                               2.1565988E+00  8.4057130E-02
                                                               3.2348981E+00  8.4996343E-02
                                                               4.3131976E+00  8.4996343E-02
                                                               5.3914971E+00  8.4996343E-02
                                                               6.4697962E+00  8.4996350E-02
                                                               7.5480957E+00  8.4996335E-02
                                                               8.6263952E+00  8.4996358E-02
                                                               9.7046947E+00  8.4996343E-02
                                                               1.0782994E+01  8.4996335E-02
                                                               1.1861294E+01  8.4996358E-02
                                                               1.2939592E+01  8.4996343E-02
                                                               1.4017892E+01  8.4996335E-02
                                                               1.5096191E+01  8.4996350E-02
                                                               1.6174492E+01  8.4996343E-02
                                                               1.7252790E+01  8.4996365E-02
                                                               1.8331089E+01  8.4996328E-02
                                                               1.9409389E+01  8.4996343E-02
                                                               2.0487688E+01  8.4996358E-02
                                                               2.1565989E+01  8.4996320E-02
                                                               2.2644287E+01  8.4996343E-02
                                                               2.3722588E+01  8.4996358E-02
                                                               2.4800886E+01  8.4996320E-02
                                                               2.5879185E+01  8.4996343E-02
                                                               2.6957485E+01  8.4996358E-02
                                                               2.8035784E+01  8.4996320E-02
                                                               2.9114084E+01  8.4996335E-02
                                                               3.0192383E+01  8.4996358E-02
                                                               3.1270683E+01  8.4996372E-02
                                                               3.2348984E+01  8.4996395E-02
                                                               3.3427280E+01  8.4996298E-02
                                                               3.4505581E+01  8.4996320E-02
                                                               3.5583881E+01  8.4996335E-02
                                                               3.6662178E+01  8.4996358E-02
                                                               3.7740479E+01  8.4996372E-02
                                                               3.8818779E+01  8.4996387E-02
                                                               3.9897079E+01  8.4996298E-02
                                                               4.0975376E+01  8.4996313E-02
                                                               4.2053677E+01  8.4996335E-02
                                                               4.3133057E+01  8.4996343E-02
             2    9.0000000E+00  1.9617671E+03  4.3132935E+01  1.0782964E+00  7.4536681E-02
                                                               2.1565928E+00  8.3733588E-02
                                                               3.2348893E+00  8.4996343E-02
                                                               4.3131857E+00  8.4996343E-02
                                                               5.3914824E+00  8.4996343E-02
                                                               6.4697785E+00  8.4996343E-02
                                                               7.5480747E+00  8.4996335E-02
                                                               8.6263714E+00  8.4996343E-02
                                                               9.7046680E+00  8.4996343E-02
                                                               1.0782965E+01  8.4996350E-02
                                                               1.1861260E+01  8.4996350E-02
                                                               1.2939557E+01  8.4996328E-02
                                                               1.4017854E+01  8.4996335E-02
                                                               1.5096149E+01  8.4996335E-02
                                                               1.6174446E+01  8.4996343E-02
                                                               1.7252743E+01  8.4996320E-02
                                                               1.8331039E+01  8.4996350E-02
                                                               1.9409336E+01  8.4996328E-02
                                                               2.0487633E+01  8.4996358E-02
                                                               2.1565929E+01  8.4996335E-02
                                                               2.2644224E+01  8.4996365E-02
                                                               2.3722521E+01  8.4996343E-02
                                                               2.4800817E+01  8.4996320E-02
                                                               2.5879114E+01  8.4996350E-02
                                                               2.6957411E+01  8.4996328E-02
                                                               2.8035707E+01  8.4996358E-02
                                                               2.9114004E+01  8.4996335E-02
                                                               3.0192299E+01  8.4996313E-02
                                                               3.1270596E+01  8.4996343E-02
                                                               3.2348892E+01  8.4996380E-02
                                                               3.3427189E+01  8.4996298E-02
                                                               3.4505486E+01  8.4996328E-02
                                                               3.5583782E+01  8.4996365E-02
                                                               3.6662079E+01  8.4996395E-02
                                                               3.7740376E+01  8.4996313E-02
                                                               3.8818672E+01  8.4996350E-02
                                                               3.9896969E+01  8.4996380E-02
                                                               4.0975266E+01  8.4996298E-02
                                                               4.2053562E+01  8.4996335E-02
                                                               4.3132935E+01  8.4996343E-02
             2    1.0000000E+01  1.9617672E+03  4.3132812E+01  1.0782933E+00  7.3609598E-02
                                                               2.1565866E+00  8.3375342E-02
                                                               3.2348800E+00  8.4996343E-02
                                                               4.3131733E+00  8.4996343E-02
                                                               5.3914666E+00  8.4996350E-02
                                                               6.4697599E+00  8.4996350E-02
                                                               7.5480533E+00  8.4996350E-02
                                                               8.6263466E+00  8.4996335E-02
                                                               9.7046394E+00  8.4996350E-02
                                                               1.0782933E+01  8.4996335E-02
                                                               1.1861227E+01  8.4996350E-02
                                                               1.2939520E+01  8.4996335E-02
                                                               1.4017813E+01  8.4996350E-02
                                                               1.5096107E+01  8.4996335E-02
                                                               1.6174400E+01  8.4996328E-02
                                                               1.7252693E+01  8.4996365E-02
                                                               1.8330986E+01  8.4996350E-02
                                                               1.9409279E+01  8.4996343E-02
                                                               2.0487574E+01  8.4996328E-02
                                                               2.1565866E+01  8.4996365E-02
                                                               2.2644159E+01  8.4996358E-02
                                                               2.3722454E+01  8.4996343E-02
                                                               2.4800747E+01  8.4996328E-02
                                                               2.5879040E+01  8.4996372E-02
                                                               2.6957333E+01  8.4996358E-02
                                                               2.8035625E+01  8.4996343E-02
                                                               2.9113920E+01  8.4996328E-02
                                                               3.0192213E+01  8.4996372E-02
                                                               3.1270506E+01  8.4996298E-02
                                                               3.2348801E+01  8.4996343E-02
                                                               3.3427094E+01  8.4996387E-02
                                                               3.4505386E+01  8.4996313E-02
                                                               3.5583679E+01  8.4996358E-02
                                                               3.6661972E+01  8.4996291E-02
                                                               3.7740265E+01  8.4996328E-02
                                                               3.8818558E+01  8.4996372E-02
                                                               3.9896854E+01  8.4996305E-02
                                                               4.0975147E+01  8.4996343E-02
                                                               4.2053440E+01  8.4996387E-02
                                                               4.3132812E+01  8.4996343E-02
             2    1.1000000E+01  1.9617675E+03  4.3132568E+01  1.0782872E+00  7.2794683E-02
                                                               2.1565745E+00  8.2986146E-02
                                                               3.2348619E+00  8.4996343E-02
                                                               4.3131490E+00  8.4996343E-02
                                                               5.3914361E+00  8.4996335E-02
                                                               6.4697237E+00  8.4996350E-02
                                                               7.5480108E+00  8.4996343E-02
                                                               8.6262980E+00  8.4996343E-02
                                                               9.7045851E+00  8.4996350E-02
                                                               1.0782872E+01  8.4996335E-02
                                                               1.1861159E+01  8.4996343E-02
                                                               1.2939447E+01  8.4996358E-02
                                                               1.4017735E+01  8.4996335E-02
                                                               1.5096022E+01  8.4996350E-02
                                                               1.6174309E+01  8.4996335E-02
                                                               1.7252596E+01  8.4996343E-02
                                                               1.8330883E+01  8.4996350E-02
                                                               1.9409170E+01  8.4996365E-02
                                                               2.0487457E+01  8.4996320E-02
                                                               2.1565744E+01  8.4996328E-02
                                                               2.2644032E+01  8.4996335E-02
                                                               2.3722319E+01  8.4996350E-02
                                                               2.4800606E+01  8.4996358E-02
                                                               2.5878895E+01  8.4996372E-02
                                                               2.6957182E+01  8.4996328E-02
                                                               2.8035469E+01  8.4996335E-02
                                                               2.9113756E+01  8.4996343E-02
                                                               3.0192043E+01  8.4996358E-02
                                                               3.1270330E+01  8.4996313E-02
                                                               3.2348618E+01  8.4996372E-02
                                                               3.3426903E+01  8.4996328E-02
                                                               3.4505192E+01  8.4996395E-02
                                                               3.5583481E+01  8.4996350E-02
                                                               3.6661766E+01  8.4996305E-02
                                                               3.7740055E+01  8.4996372E-02
                                                               3.8818340E+01  8.4996328E-02
                                                               3.9896629E+01  8.4996395E-02
                                                               4.0974915E+01  8.4996350E-02
                                                               4.2053204E+01  8.4996305E-02
                                                               4.3132568E+01  8.4996343E-02
             2    1.2000000E+01  1.9617676E+03  4.3132446E+01  1.0782841E+00  7.2082043E-02
                                                               2.1565683E+00  8.2570054E-02
                                                               3.2348523E+00  8.4996343E-02
                                                               4.3131366E+00  8.4996343E-02
                                                               5.3914208E+00  8.4996343E-02
                                                               6.4697046E+00  8.4996343E-02
                                                               7.5479889E+00  8.4996335E-02
                                                               8.6262732E+00  8.4996343E-02
                                                               9.7045574E+00  8.4996335E-02
                                                               1.0782842E+01  8.4996328E-02
                                                               1.1861126E+01  8.4996350E-02
                                                               1.2939409E+01  8.4996343E-02
                                                               1.4017694E+01  8.4996335E-02
                                                               1.5095978E+01  8.4996328E-02
                                                               1.6174263E+01  8.4996320E-02
                                                               1.7252546E+01  8.4996343E-02
                                                               1.8330830E+01  8.4996365E-02
                                                               1.9409115E+01  8.4996328E-02
                                                               2.0487398E+01  8.4996350E-02
                                                               2.1565683E+01  8.4996365E-02
                                                               2.2643967E+01  8.4996335E-02
                                                               2.3722252E+01  8.4996350E-02
                                                               2.4800535E+01  8.4996320E-02
                                                               2.5878819E+01  8.4996335E-02
                                                               2.6957104E+01  8.4996358E-02
                                                               2.8035387E+01  8.4996320E-02
                                                               2.9113672E+01  8.4996343E-02
                                                               3.0191956E+01  8.4996365E-02
                                                               3.1270241E+01  8.4996328E-02
                                                               3.2348526E+01  8.4996298E-02
                                                               3.3426807E+01  8.4996372E-02
                                                               3.4505093E+01  8.4996335E-02
                                                               3.5583378E+01  8.4996298E-02
                                                               3.6661659E+01  8.4996372E-02
                                                               3.7739944E+01  8.4996343E-02
                                                               3.8818230E+01  8.4996305E-02
                                                               3.9896515E+01  8.4996380E-02
                                                               4.0974796E+01  8.4996343E-02
                                                               4.2053082E+01  8.4996313E-02
                                                               4.3132446E+01  8.4996343E-02
             2    1.3000000E+01  1.9617678E+03  4.3132202E+01  1.0782781E+00  7.1670234E-02
                                                               2.1565561E+00  8.2131259E-02
                                                               3.2348342E+00  8.4996343E-02
                                                               4.3131123E+00  8.4996343E-02
                                                               5.3913903E+00  8.4996335E-02
                                                               6.4696684E+00  8.4996343E-02
                                                               7.5479465E+00  8.4996343E-02
                                                               8.6262245E+00  8.4996343E-02
                                                               9.7045021E+00  8.4996350E-02
                                                               1.0782781E+01  8.4996335E-02
                                                               1.1861059E+01  8.4996350E-02
                                                               1.2939337E+01  8.4996343E-02
                                                               1.4017614E+01  8.4996328E-02
                                                               1.5095893E+01  8.4996343E-02
                                                               1.6174171E+01  8.4996365E-02
                                                               1.7252449E+01  8.4996350E-02
                                                               1.8330727E+01  8.4996343E-02
                                                               1.9409004E+01  8.4996328E-02
                                                               2.0487284E+01  8.4996320E-02
                                                               2.1565561E+01  8.4996365E-02
                                                               2.2643839E+01  8.4996350E-02
                                                               2.3722118E+01  8.4996343E-02
                                                               2.4800396E+01  8.4996328E-02
                                                               2.5878674E+01  8.4996320E-02
                                                               2.6956951E+01  8.4996358E-02
                                                               2.8035229E+01  8.4996350E-02
                                                               2.9113508E+01  8.4996335E-02
                                                               3.0191786E+01  8.4996328E-02
                                                               3.1270063E+01  8.4996313E-02
                                                               3.2348343E+01  8.4996305E-02
                                                               3.3426620E+01  8.4996291E-02
                                                               3.4504898E+01  8.4996395E-02
                                                               3.5583176E+01  8.4996380E-02
                                                               3.6661453E+01  8.4996372E-02
                                                               3.7739731E+01  8.4996358E-02
                                                               3.8818008E+01  8.4996350E-02
                                                               3.9896290E+01  8.4996335E-02
                                                               4.0974567E+01  8.4996328E-02
                                                               4.2052845E+01  8.4996313E-02
                                                               4.3132202E+01  8.4996343E-02
             2    1.4000000E+01  1.9617681E+03  4.3131958E+01  1.0782720E+00  7.1385853E-02
                                                               2.1565440E+00  8.1673622E-02
                                                               3.2348161E+00  8.4996343E-02
                                                               4.3130879E+00  8.4996343E-02
                                                               5.3913598E+00  8.4996350E-02
                                                               6.4696321E+00  8.4996343E-02
                                                               7.5479040E+00  8.4996343E-02
                                                               8.6261759E+00  8.4996343E-02
                                                               9.7044477E+00  8.4996328E-02
                                                               1.0782720E+01  8.4996343E-02
                                                               1.1860991E+01  8.4996358E-02
                                                               1.2939264E+01  8.4996335E-02
                                                               1.4017536E+01  8.4996350E-02
                                                               1.5095808E+01  8.4996335E-02
                                                               1.6174080E+01  8.4996320E-02
                                                               1.7252352E+01  8.4996335E-02
                                                               1.8330624E+01  8.4996350E-02
                                                               1.9408895E+01  8.4996358E-02
                                                               2.0487167E+01  8.4996313E-02
                                                               2.1565439E+01  8.4996328E-02
                                                               2.2643711E+01  8.4996343E-02
                                                               2.3721983E+01  8.4996358E-02
                                                               2.4800255E+01  8.4996365E-02
                                                               2.5878529E+01  8.4996328E-02
                                                               2.6956800E+01  8.4996335E-02
                                                               2.8035072E+01  8.4996350E-02
                                                               2.9113344E+01  8.4996365E-02
                                                               3.0191616E+01  8.4996320E-02
                                                               3.1269888E+01  8.4996335E-02
                                                               3.2348160E+01  8.4996343E-02
                                                               3.3426430E+01  8.4996358E-02
                                                               3.4504704E+01  8.4996372E-02
                                                               3.5582977E+01  8.4996380E-02
                                                               3.6661247E+01  8.4996395E-02
                                                               3.7739521E+01  8.4996298E-02
                                                               3.8817791E+01  8.4996313E-02
                                                               3.9896065E+01  8.4996320E-02
                                                               4.0974335E+01  8.4996335E-02
                                                               4.2052608E+01  8.4996350E-02
                                                               4.3131958E+01  8.4996343E-02
             2    1.5000000E+01  1.9617683E+03  4.3131714E+01  1.0782659E+00  7.1067818E-02
                                                               2.1565318E+00  8.1201404E-02
                                                               3.2347977E+00  8.4996343E-02
                                                               4.3130636E+00  8.4996343E-02
                                                               5.3913298E+00  8.4996335E-02
                                                               6.4695954E+00  8.4996343E-02
                                                               7.5478611E+00  8.4996343E-02
                                                               8.6261272E+00  8.4996350E-02
                                                               9.7043934E+00  8.4996343E-02
                                                               1.0782660E+01  8.4996350E-02
                                                               1.1860925E+01  8.4996335E-02
                                                               1.2939191E+01  8.4996343E-02
                                                               1.4017457E+01  8.4996350E-02
                                                               1.5095722E+01  8.4996335E-02
                                                               1.6173988E+01  8.4996365E-02
                                                               1.7252254E+01  8.4996350E-02
                                                               1.8330521E+01  8.4996328E-02
                                                               1.9408787E+01  8.4996365E-02
                                                               2.0487053E+01  8.4996350E-02
                                                               2.1565319E+01  8.4996328E-02
                                                               2.2643583E+01  8.4996365E-02
                                                               2.3721849E+01  8.4996343E-02
                                                               2.4800116E+01  8.4996328E-02
                                                               2.5878382E+01  8.4996365E-02
                                                               2.6956648E+01  8.4996343E-02
                                                               2.8034914E+01  8.4996328E-02
                                                               2.9113180E+01  8.4996365E-02
                                                               3.0191444E+01  8.4996343E-02
                                                               3.1269711E+01  8.4996328E-02
                                                               3.2347977E+01  8.4996358E-02
                                                               3.3426243E+01  8.4996395E-02
                                                               3.4504509E+01  8.4996320E-02
                                                               3.5582775E+01  8.4996358E-02
                                                               3.6661041E+01  8.4996395E-02
                                                               3.7739307E+01  8.4996320E-02
                                                               3.8817574E+01  8.4996358E-02
                                                               3.9895840E+01  8.4996395E-02
                                                               4.0974106E+01  8.4996320E-02
                                                               4.2052372E+01  8.4996358E-02
                                                               4.3131714E+01  8.4996343E-02
             2    1.6000000E+01  1.9617687E+03  4.3131348E+01  1.0782567E+00  7.0769757E-02
                                                               2.1565135E+00  8.0787756E-02
                                                               3.2347703E+00  8.4933721E-02
                                                               4.3130269E+00  8.4996343E-02
                                                               5.3912835E+00  8.4996343E-02
                                                               6.4695406E+00  8.4996343E-02
                                                               7.5477972E+00  8.4996343E-02
                                                               8.6260538E+00  8.4996343E-02
                                                               9.7043104E+00  8.4996328E-02
                                                               1.0782567E+01  8.4996343E-02
                                                               1.1860824E+01  8.4996335E-02
                                                               1.2939081E+01  8.4996350E-02
                                                               1.4017338E+01  8.4996335E-02
                                                               1.5095594E+01  8.4996350E-02
                                                               1.6173851E+01  8.4996335E-02
                                                               1.7252108E+01  8.4996350E-02
                                                               1.8330364E+01  8.4996365E-02
                                                               1.9408621E+01  8.4996328E-02
                                                               2.0486877E+01  8.4996343E-02
                                                               2.1565134E+01  8.4996358E-02
                                                               2.2643391E+01  8.4996313E-02
                                                               2.3721647E+01  8.4996328E-02
                                                               2.4799904E+01  8.4996343E-02
                                                               2.5878162E+01  8.4996358E-02
                                                               2.6956419E+01  8.4996320E-02
                                                               2.8034676E+01  8.4996335E-02
                                                               2.9112932E+01  8.4996350E-02
                                                               3.0191189E+01  8.4996365E-02
                                                               3.1269445E+01  8.4996320E-02
                                                               3.2347702E+01  8.4996395E-02
                                                               3.3425957E+01  8.4996350E-02
                                                               3.4504215E+01  8.4996313E-02
                                                               3.5582474E+01  8.4996380E-02
                                                               3.6660728E+01  8.4996343E-02
                                                               3.7738987E+01  8.4996305E-02
                                                               3.8817242E+01  8.4996372E-02
                                                               3.9895500E+01  8.4996335E-02
                                                               4.0973755E+01  8.4996291E-02
                                                               4.2052013E+01  8.4996365E-02
                                                               4.3131348E+01  8.4996343E-02
